This is pdfTeX, Version 3.14159265-2.6-1.40.21 (TeX Live 2020) (preloaded format=pdflatex 2021.3.19)  16 APR 2021 09:21
entering extended mode
 restricted \write18 enabled.
 %&-line parsing enabled.
**/Users/adithyasahasranamam/Downloads/thesisTemp/template/introduction.tex
(/Users/adithyasahasranamam/Downloads/thesisTemp/template/introduction.tex
LaTeX2e <2020-10-01> patch level 4
L3 programming layer <2021-02-18>
! Undefined control sequence.
l.3 \chapter
            {INTRODUCTION} 
Here is how much of TeX's memory you used:
 17 strings out of 480962
 571 string characters out of 5906599
 278641 words of memory out of 5000000
 17346 multiletter control sequences out of 15000+600000
 403430 words of font info for 27 fonts, out of 8000000 for 9000
 14 hyphenation exceptions out of 8191
 13i,0n,15p,129b,10s stack positions out of 5000i,500n,10000p,200000b,80000s

!  ==> Fatal error occurred, no output PDF file produced!
