This is pdfTeX, Version 3.14159265-2.6-1.40.21 (TeX Live 2020) (preloaded format=pdflatex 2021.3.19)  16 APR 2021 09:21
entering extended mode
 restricted \write18 enabled.
 file:line:error style messages enabled.
 %&-line parsing enabled.
**thesis.tex
(./thesis.tex
LaTeX2e <2020-10-01> patch level 4
L3 programming layer <2021-02-18> (./thesis.cls
Document Class: thesis 2000/03/22 NJIT Dissertation LaTeX class

(/Users/adithyasahasranamam/Library/TinyTeX/texmf-dist/tex/latex/base/report.cl
s
Document Class: report 2020/04/10 v1.4m Standard LaTeX document class

(/Users/adithyasahasranamam/Library/TinyTeX/texmf-dist/tex/latex/base/size12.cl
o
File: size12.clo 2020/04/10 v1.4m Standard LaTeX file (size option)
)
\c@part=\count179
\c@chapter=\count180
\c@section=\count181
\c@subsection=\count182
\c@subsubsection=\count183
\c@paragraph=\count184
\c@subparagraph=\count185
\c@figure=\count186
\c@table=\count187
\abovecaptionskip=\skip47
\belowcaptionskip=\skip48
\bibindent=\dimen138
)
(/Users/adithyasahasranamam/Library/TinyTeX/texmf-dist/tex/latex/graphics/lscap
e.sty
Package: lscape 2020/05/28 v3.02 Landscape Pages (DPC)

(/Users/adithyasahasranamam/Library/TinyTeX/texmf-dist/tex/latex/graphics/graph
ics.sty
Package: graphics 2020/08/30 v1.4c Standard LaTeX Graphics (DPC,SPQR)

(/Users/adithyasahasranamam/Library/TinyTeX/texmf-dist/tex/latex/graphics/trig.
sty
Package: trig 2016/01/03 v1.10 sin cos tan (DPC)
)
(/Users/adithyasahasranamam/Library/TinyTeX/texmf-dist/tex/latex/graphics-cfg/g
raphics.cfg
File: graphics.cfg 2016/06/04 v1.11 sample graphics configuration
)
Package graphics Info: Driver file: pdftex.def on input line 105.

(/Users/adithyasahasranamam/Library/TinyTeX/texmf-dist/tex/latex/graphics-def/p
dftex.def
File: pdftex.def 2020/10/05 v1.2a Graphics/color driver for pdftex
)))
\toctopbox=\box47
\loftopbox=\box48
\lottopbox=\box49
\c@biobib=\count188
)
(/Users/adithyasahasranamam/Library/TinyTeX/texmf-dist/tex/latex/graphics/graph
icx.sty
Package: graphicx 2020/09/09 v1.2b Enhanced LaTeX Graphics (DPC,SPQR)

(/Users/adithyasahasranamam/Library/TinyTeX/texmf-dist/tex/latex/graphics/keyva
l.sty
Package: keyval 2014/10/28 v1.15 key=value parser (DPC)
\KV@toks@=\toks15
)
\Gin@req@height=\dimen139
\Gin@req@width=\dimen140
)
(/Users/adithyasahasranamam/Library/TinyTeX/texmf-dist/tex/latex/tools/longtabl
e.sty
Package: longtable 2020/01/07 v4.13 Multi-page Table package (DPC)
\LTleft=\skip49
\LTright=\skip50
\LTpre=\skip51
\LTpost=\skip52
\LTchunksize=\count189
\LTcapwidth=\dimen141
\LT@head=\box50
\LT@firsthead=\box51
\LT@foot=\box52
\LT@lastfoot=\box53
\LT@cols=\count190
\LT@rows=\count191
\c@LT@tables=\count192
\c@LT@chunks=\count193
\LT@p@ftn=\toks16
)
(/Users/adithyasahasranamam/Library/TinyTeX/texmf-dist/tex/latex/l3backend/l3ba
ckend-pdftex.def
File: l3backend-pdftex.def 2021-03-18 L3 backend support: PDF output (pdfTeX)
\l__color_backend_stack_int=\count194
\l__pdf_internal_box=\box54
) (./thesis.aux)
\openout1 = `thesis.aux'.

LaTeX Font Info:    Checking defaults for OML/cmm/m/it on input line 16.
LaTeX Font Info:    ... okay on input line 16.
LaTeX Font Info:    Checking defaults for OMS/cmsy/m/n on input line 16.
LaTeX Font Info:    ... okay on input line 16.
LaTeX Font Info:    Checking defaults for OT1/cmr/m/n on input line 16.
LaTeX Font Info:    ... okay on input line 16.
LaTeX Font Info:    Checking defaults for T1/cmr/m/n on input line 16.
LaTeX Font Info:    ... okay on input line 16.
LaTeX Font Info:    Checking defaults for TS1/cmr/m/n on input line 16.
LaTeX Font Info:    ... okay on input line 16.
LaTeX Font Info:    Checking defaults for OMX/cmex/m/n on input line 16.
LaTeX Font Info:    ... okay on input line 16.
LaTeX Font Info:    Checking defaults for U/cmr/m/n on input line 16.
LaTeX Font Info:    ... okay on input line 16.

(/Users/adithyasahasranamam/Library/TinyTeX/texmf-dist/tex/latex/epstopdf-pkg/e
pstopdf-base.sty
Package: epstopdf-base 2020-01-24 v2.11 Base part for package epstopdf
Package epstopdf-base Info: Redefining graphics rule for `.eps' on input line 4
85.

(/Users/adithyasahasranamam/Library/TinyTeX/texmf-dist/tex/latex/latexconfig/ep
stopdf-sys.cfg
File: epstopdf-sys.cfg 2010/07/13 v1.3 Configuration of (r)epstopdf for TeX Liv
e
)) (./approval.tex) (./biography.tex) (./abstract.tex) [1

{/Users/adithyasahasranamam/Library/TinyTeX/texmf-var/fonts/map/pdftex/updmap/p
dftex.map}] [1] [2] [3]
\bibhang=\skip53
 [4] (./dedication.tex
Overfull \hbox (112.29521pt too wide) in paragraph at lines 27--27
[]\OT1/cmtt/m/n/12 A wonderful teacher of life sciences who also teaches about 
life.[] 
 []


Overfull \hbox (69.07019pt too wide) in paragraph at lines 27--27
[]\OT1/cmtt/m/n/12 One of the smartest engineers I have met in this lifetime.[]
 
 []


Overfull \hbox (75.2452pt too wide) in paragraph at lines 27--27
[]\OT1/cmtt/m/n/12 When my time comes we shall catch some films in heaven but,[
] 
 []


Overfull \hbox (62.89519pt too wide) in paragraph at lines 27--27
[]\OT1/cmtt/m/n/12 until then I need your quirky advices and your blessings.[] 

 []

LaTeX Font Info:    External font `cmex10' loaded for size
(Font)              <12> on input line 30.
LaTeX Font Info:    External font `cmex10' loaded for size
(Font)              <8> on input line 30.
LaTeX Font Info:    External font `cmex10' loaded for size
(Font)              <6> on input line 30.
) [5] (./acknowledgment.tex) [6] (./thesis.toc)
\tf@toc=\write3
\openout3 = `thesis.toc'.

 [7

] (./thesis.lot)
\tf@lot=\write4
\openout4 = `thesis.lot'.

 [8

]
(./thesis.lof)
\tf@lof=\write5
\openout5 = `thesis.lof'.

 [9

] (./introduction.tex
CHAPTER 1.
[1

] [2]
LaTeX Font Info:    Trying to load font information for OML+cmr on input line 7
5.

(/Users/adithyasahasranamam/Library/TinyTeX/texmf-dist/tex/latex/base/omlcmr.fd
File: omlcmr.fd 2019/12/16 v2.5j Standard LaTeX font definitions
)
LaTeX Font Info:    Font shape `OML/cmr/m/n' in size <12> not available
(Font)              Font shape `OML/cmm/m/it' tried instead on input line 75.
 [3]) (./background.tex [4]
CHAPTER 2.
[5

] [6] [7] [8]) (./chapter5.tex [9] [10]
CHAPTER 3.

Overfull \hbox (0.82977pt too wide) in paragraph at lines 16--26
\OT1/cmr/m/n/12 cells predom-i-nantly expressed IRAK-1A, with minimum levels of
 IRAK-1C expression.
 []

[11

] [12]
CHAPTER 4.
[13

] [14] [15] (./thesis.aux) ) )
(\end occurred inside a group at level 1)

### simple group (level 1) entered at line 32 ({)
### bottom level 
Here is how much of TeX's memory you used:
 1187 strings out of 480962
 18602 string characters out of 5906599
 311069 words of memory out of 5000000
 18412 multiletter control sequences out of 15000+600000
 407326 words of font info for 40 fonts, out of 8000000 for 9000
 14 hyphenation exceptions out of 8191
 83i,5n,88p,1121b,299s stack positions out of 5000i,500n,10000p,200000b,80000s
 </Users/adithyasahasranamam/Library/TinyTeX/texmf-var/fonts/pk
/ljfour/jknappen/ec/tcrm1200.600pk></Users/adithyasahasranamam/Library/TinyTeX/
texmf-dist/fonts/type1/public/amsfonts/cm/cmbx12.pfb></Users/adithyasahasranama
m/Library/TinyTeX/texmf-dist/fonts/type1/public/amsfonts/cm/cmmi12.pfb></Users/
adithyasahasranamam/Library/TinyTeX/texmf-dist/fonts/type1/public/amsfonts/cm/c
mr12.pfb></Users/adithyasahasranamam/Library/TinyTeX/texmf-dist/fonts/type1/pub
lic/amsfonts/cm/cmti12.pfb></Users/adithyasahasranamam/Library/TinyTeX/texmf-di
st/fonts/type1/public/amsfonts/cm/cmtt12.pfb>
Output written on thesis.pdf (25 pages, 100693 bytes).
PDF statistics:
 112 PDF objects out of 1000 (max. 8388607)
 76 compressed objects within 1 object stream
 0 named destinations out of 1000 (max. 500000)
 1 words of extra memory for PDF output out of 10000 (max. 10000000)

